tie,jacket,6.741793495904226
1	
tie,suit,6.741793495904226
1	
suit,jacket,6.741793495904226
1
suit,tie,6.741793495904226
1
head,body,5.482209930993152
1
head,hand,6.7329196557411395
1
head,eye,4.598801705037286
1
head,voice,4.43543481913528
1
hand,body,4.598801705037286
1
hand,head,6.7329196557411395
1
hand,eye,4.973183823029009
1
hand,voice,2.903676265106266
1
seat,body,4.598801705037286
2
seat,head,4.598801705037286
2
seat,eye,5.690027422310151
2
seat,voice,1.78215759916443
2
doctor,nurse,7.134598814118116
1
doctor,lawyer,6.062815994064192
1
lawyer,doctor,6.062815994064192
1	
lawyer,nurse,6.062815994064192
1	
lookout,thief,2.1651107497683886
1
lookout,mugging,3.3671426423085116
1
lookout,chase,4.198437570771406
1
lookout,burglar,2.1651107497683886
1
line,plot,4.581567222030058
5
line,cast,7.224820163928229
5
line,title,7.932873655660478
5
line,character,3.3671426423085116
5
plot,line,4.581567222030058
3
plot,cast,1.78215759916443
3
plot,title,4.581567222030058
3
plot,character,4.2201309993936365
3
line,news,2.903676265106266
5
line,lot,3.5565536586183533
5
line,joke,3.3671426423085116
5
line,half,3.3616343061109584
5
line,hour,2.849553712452235
5
line,show,3.3671426423085116
5
line,cast,7.224820163928229
5
line,brainstorm,4.9572995838966145
5
line,essay,4.581567222030058
5
line,title,7.932873655660478
5
line,goods,5.370539033695586
22
line,sales,5.530860536146347
22
line,business,6.716428329439032
22
line,delivery,4.641229953281006
22
line,roll,7.224820163928229
18
line,cloth,2.436960793329339
18
line,kit,3.2917449533163734
18
line,length,2.6917871634442814
18
line,cod,1.4422870445050506
18
line,hook,7.2099747240307686
18
line,writing,4.863431495229653
5
line,typewriting,4.346548698431703
5
line,manuscript,4.581567222030058
5
line,headline,7.932873655660478
5
line,copy,7.066259394127324
5
line,telephone,3.2917449533163734
15
line,hotline,0
15
line,telephone,3.2917449533163734
15
line,computer,4.16518105775334
15
line,facsimile,6.009744651453963
15
line,plug,8.46441493344509
15
line,protein,2.849553712452235
22
line,molecule,2.849553712452235
22
line,material,3.2917449533163734
22
line,product,7.584732139711122
22
